Starting DPDK 17.11.2 initialization...
[ DPDK EAL parameters: qemu -c 0x4 -m 2048 -w 0000:00:04.0 --file-prefix=spdk1 --base-virtaddr=0x7ffe00000000 --proc-type=auto ]
EAL: Detected 32 lcore(s)
EAL: Auto-detected process type: SECONDARY
EAL: Probing VFIO support...
EAL: VFIO support initialized
EAL: WARNING: Address Space Layout Randomization (ASLR) is enabled in the kernel.
EAL:    This may cause issues with mapping memory into secondary processes
qemu-system-x86_64: -chardev socket,id=char1,path=/tmp/sock0,server: info: QEMU waiting for connection on: disconnected:unix:/tmp/sock0,server
mem[2] registered!
dev->virtio_vq[0]->size=256
process id =28057
msg->payload.addr.index=0
msg->payload.ppid=28057
kickfd=30
callfd=28
dev->virtio_vq[1]->size=256
process id =28057
msg->payload.addr.index=1
msg->payload.ppid=28057
kickfd=31
callfd=29
copy thread 28063 running
qemu-system-x86_64: terminating on signal 15 from pid 28124 ()
Starting DPDK 17.11.2 initialization...
[ DPDK EAL parameters: qemu -c 0x4 -m 2048 -w 0000:00:04.0 --file-prefix=spdk1 --base-virtaddr=0x7ffe00000000 --proc-type=auto ]
EAL: Detected 32 lcore(s)
EAL: Auto-detected process type: SECONDARY
Starting DPDK 17.11.2 initialization...
[ DPDK EAL parameters: qemu -c 0x4 -m 2048 -w 0000:00:04.0 --file-prefix=spdk1 --base-virtaddr=0x7ffe00000000 --proc-type=auto ]
EAL: Detected 32 lcore(s)
EAL: Auto-detected process type: SECONDARY
Starting DPDK 17.11.2 initialization...
[ DPDK EAL parameters: qemu -c 0x4 -m 2048 -w 0000:00:04.0 --file-prefix=spdk1 --base-virtaddr=0x7ffe00000000 --proc-type=auto ]
EAL: Detected 32 lcore(s)
EAL: Auto-detected process type: SECONDARY
Starting DPDK 17.11.2 initialization...
[ DPDK EAL parameters: qemu -c 0x4 -m 2048 -w 0000:00:04.0 --file-prefix=spdk1 --base-virtaddr=0x7ffe00000000 --proc-type=auto ]
EAL: Detected 32 lcore(s)
EAL: Auto-detected process type: SECONDARY
EAL: Probing VFIO support...
EAL: VFIO support initialized
EAL: WARNING: Address Space Layout Randomization (ASLR) is enabled in the kernel.
EAL:    This may cause issues with mapping memory into secondary processes
EAL: Probing VFIO support...
EAL: VFIO support initialized
EAL: WARNING: Address Space Layout Randomization (ASLR) is enabled in the kernel.
EAL:    This may cause issues with mapping memory into secondary processes
EAL: Probing VFIO support...
EAL: VFIO support initialized
EAL: WARNING: Address Space Layout Randomization (ASLR) is enabled in the kernel.
EAL:    This may cause issues with mapping memory into secondary processes
EAL: Probing VFIO support...
EAL: VFIO support initialized
EAL: WARNING: Address Space Layout Randomization (ASLR) is enabled in the kernel.
EAL:    This may cause issues with mapping memory into secondary processes
qemu-system-x86_64: -chardev socket,id=char2,path=/tmp/sock1,server: info: QEMU waiting for connection on: disconnected:unix:/tmp/sock1,server
qemu-system-x86_64: -chardev socket,id=char3,path=/tmp/sock2,server: info: QEMU waiting for connection on: disconnected:unix:/tmp/sock2,server
qemu-system-x86_64: -chardev socket,id=char4,path=/tmp/sock3,server: info: QEMU waiting for connection on: disconnected:unix:/tmp/sock3,server
qemu-system-x86_64: -chardev socket,id=char1,path=/tmp/sock0,server: info: QEMU waiting for connection on: disconnected:unix:/tmp/sock0,server
qemu-system-x86_64: -drive file=/home/iso/virtual4.qcow2: Could not open '/home/iso/virtual4.qcow2': No such file or directory
qemu-system-x86_64: -drive file=/home/iso/virtual2.qcow2: Could not open '/home/iso/virtual2.qcow2': No such file or directory
qemu-system-x86_64: -drive file=/home/iso/virtual3.qcow2: Could not open '/home/iso/virtual3.qcow2': No such file or directory
mem[2] registered!
dev->virtio_vq[0]->size=256
process id =28173
msg->payload.addr.index=0
msg->payload.ppid=28173
kickfd=30
callfd=28
dev->virtio_vq[1]->size=256
process id =28173
msg->payload.addr.index=1
msg->payload.ppid=28173
kickfd=31
callfd=29
copy thread 28195 running
qemu-system-x86_64: terminating on signal 15 from pid 28197 (<unknown process>)
Starting DPDK 17.11.2 initialization...
[ DPDK EAL parameters: qemu -c 0x4 -m 2048 -w 0000:00:04.0 --file-prefix=spdk1 --base-virtaddr=0x7ffe00000000 --proc-type=auto ]
EAL: Detected 32 lcore(s)
EAL: Auto-detected process type: SECONDARY
Starting DPDK 17.11.2 initialization...
[ DPDK EAL parameters: qemu -c 0x4 -m 2048 -w 0000:00:04.0 --file-prefix=spdk1 --base-virtaddr=0x7ffe00000000 --proc-type=auto ]
EAL: Detected 32 lcore(s)
EAL: Auto-detected process type: SECONDARY
Starting DPDK 17.11.2 initialization...
[ DPDK EAL parameters: qemu -c 0x4 -m 2048 -w 0000:00:04.0 --file-prefix=spdk1 --base-virtaddr=0x7ffe00000000 --proc-type=auto ]
EAL: Detected 32 lcore(s)
EAL: Auto-detected process type: SECONDARY
Starting DPDK 17.11.2 initialization...
[ DPDK EAL parameters: qemu -c 0x4 -m 2048 -w 0000:00:04.0 --file-prefix=spdk1 --base-virtaddr=0x7ffe00000000 --proc-type=auto ]
EAL: Detected 32 lcore(s)
EAL: Auto-detected process type: SECONDARY
EAL: Probing VFIO support...
EAL: VFIO support initialized
EAL: WARNING: Address Space Layout Randomization (ASLR) is enabled in the kernel.
EAL:    This may cause issues with mapping memory into secondary processes
EAL: Probing VFIO support...
EAL: VFIO support initialized
EAL: WARNING: Address Space Layout Randomization (ASLR) is enabled in the kernel.
EAL:    This may cause issues with mapping memory into secondary processes
EAL: Probing VFIO support...
EAL: VFIO support initialized
EAL: WARNING: Address Space Layout Randomization (ASLR) is enabled in the kernel.
EAL:    This may cause issues with mapping memory into secondary processes
EAL: Probing VFIO support...
EAL: VFIO support initialized
EAL: WARNING: Address Space Layout Randomization (ASLR) is enabled in the kernel.
EAL:    This may cause issues with mapping memory into secondary processes
qemu-system-x86_64: -chardev socket,id=char2,path=/tmp/sock1,server: info: QEMU waiting for connection on: disconnected:unix:/tmp/sock1,server
qemu-system-x86_64: -chardev socket,id=char3,path=/tmp/sock2,server: info: QEMU waiting for connection on: disconnected:unix:/tmp/sock2,server
qemu-system-x86_64: -chardev socket,id=char4,path=/tmp/sock3,server: info: QEMU waiting for connection on: disconnected:unix:/tmp/sock3,server
qemu-system-x86_64: -chardev socket,id=char1,path=/tmp/sock0,server: info: QEMU waiting for connection on: disconnected:unix:/tmp/sock0,server
mem[2] registered!
dev->virtio_vq[0]->size=256
process id =28292
msg->payload.addr.index=0
msg->payload.ppid=28292
kickfd=30
callfd=28
dev->virtio_vq[1]->size=256
process id =28292
msg->payload.addr.index=1
msg->payload.ppid=28292
kickfd=31
callfd=29
copy thread 28313 running
mem[2] registered!
dev->virtio_vq[0]->size=256
process id =28298
msg->payload.addr.index=0
msg->payload.ppid=28298
kickfd=30
callfd=28
dev->virtio_vq[1]->size=256
process id =28298
msg->payload.addr.index=1
msg->payload.ppid=28298
kickfd=31
callfd=29
copy thread 28314 running
mem[2] registered!
dev->virtio_vq[0]->size=256
process id =28299
msg->payload.addr.index=0
msg->payload.ppid=28299
kickfd=30
callfd=28
dev->virtio_vq[1]->size=256
process id =28299
msg->payload.addr.index=1
msg->payload.ppid=28299
kickfd=31
callfd=29
copy thread 28315 running
mem[2] registered!
dev->virtio_vq[0]->size=256
process id =28297
msg->payload.addr.index=0
msg->payload.ppid=28297
kickfd=30
callfd=28
dev->virtio_vq[1]->size=256
process id =28297
msg->payload.addr.index=1
msg->payload.ppid=28297
kickfd=31
callfd=29
copy thread 28325 running
qemu-system-x86_64: terminating on signal 15q qemu-system-x86_64from pid emu-system-x86_64:2: 8365 t terminating on signal (erminating on signal 1)15
5  from pid from pid 2283658365  (())

qemu-system-x86_64: terminating on signal 15 from pid 28365 (<unknown process>)
Starting DPDK 17.11.2 initialization...
[ DPDK EAL parameters: qemu -c 0x4 -m 2048 -w 0000:00:04.0 --file-prefix=spdk1 --base-virtaddr=0x7ffe00000000 --proc-type=auto ]
EAL: Detected 32 lcore(s)
EAL: Auto-detected process type: SECONDARY
Starting DPDK 17.11.2 initialization...
[ DPDK EAL parameters: qemu -c 0x4 -m 2048 -w 0000:00:04.0 --file-prefix=spdk1 --base-virtaddr=0x7ffe00000000 --proc-type=auto ]
EAL: Detected 32 lcore(s)
EAL: Auto-detected process type: SECONDARY
Starting DPDK 17.11.2 initialization...
[ DPDK EAL parameters: qemu -c 0x4 -m 2048 -w 0000:00:04.0 --file-prefix=spdk1 --base-virtaddr=0x7ffe00000000 --proc-type=auto ]
EAL: Detected 32 lcore(s)
EAL: Auto-detected process type: SECONDARY
Starting DPDK 17.11.2 initialization...
[ DPDK EAL parameters: qemu -c 0x4 -m 2048 -w 0000:00:04.0 --file-prefix=spdk1 --base-virtaddr=0x7ffe00000000 --proc-type=auto ]
EAL: Detected 32 lcore(s)
EAL: Auto-detected process type: SECONDARY
Starting DPDK 17.11.2 initialization...
[ DPDK EAL parameters: qemu -c 0x4 -m 2048 -w 0000:00:04.0 --file-prefix=spdk1 --base-virtaddr=0x7ffe00000000 --proc-type=auto ]
EAL: Detected 32 lcore(s)
EAL: Auto-detected process type: SECONDARY
Starting DPDK 17.11.2 initialization...
[ DPDK EAL parameters: qemu -c 0x4 -m 2048 -w 0000:00:04.0 --file-prefix=spdk1 --base-virtaddr=0x7ffe00000000 --proc-type=auto ]
EAL: Detected 32 lcore(s)
EAL: Auto-detected process type: SECONDARY
Starting DPDK 17.11.2 initialization...
[ DPDK EAL parameters: qemu -c 0x4 -m 2048 -w 0000:00:04.0 --file-prefix=spdk1 --base-virtaddr=0x7ffe00000000 --proc-type=auto ]
EAL: Detected 32 lcore(s)
Starting DPDK 17.11.2 initialization...
[ DPDK EAL parameters: qemu -c 0x4 -m 2048 -w 0000:00:04.0 --file-prefix=spdk1 --base-virtaddr=0x7ffe00000000 --proc-type=auto ]
EAL: Auto-detected process type: SECONDARY
Starting DPDK 17.11.2 initialization...
[ DPDK EAL parameters: qemu -c 0x4 -m 2048 -w 0000:00:04.0 --file-prefix=spdk1 --base-virtaddr=0x7ffe00000000 --proc-type=auto ]
EAL: Detected 32 lcore(s)
EAL: Auto-detected process type: SECONDARY
Starting DPDK 17.11.2 initialization...
[ DPDK EAL parameters: qemu -c 0x4 -m 2048 -w 0000:00:04.0 --file-prefix=spdk1 --base-virtaddr=0x7ffe00000000 --proc-type=auto ]
EAL: Detected 32 lcore(s)
EAL: Auto-detected process type: SECONDARY
Starting DPDK 17.11.2 initialization...
[ DPDK EAL parameters: qemu -c 0x4 -m 2048 -w 0000:00:04.0 --file-prefix=spdk1 --base-virtaddr=0x7ffe00000000 --proc-type=auto ]
Starting DPDK 17.11.2 initialization...
[ DPDK EAL parameters: qemu -c 0x4 -m 2048 -w 0000:00:04.0 --file-prefix=spdk1 --base-virtaddr=0x7ffe00000000 --proc-type=auto ]
EAL: Detected 32 lcore(s)
EAL: Auto-detected process type: SECONDARY
Starting DPDK 17.11.2 initialization...
[ DPDK EAL parameters: qemu -c 0x4 -m 2048 -w 0000:00:04.0 --file-prefix=spdk1 --base-virtaddr=0x7ffe00000000 --proc-type=auto ]
EAL: Detected 32 lcore(s)
EAL: Auto-detected process type: SECONDARY
Starting DPDK 17.11.2 initialization...
[ DPDK EAL parameters: qemu -c 0x4 -m 2048 -w 0000:00:04.0 --file-prefix=spdk1 --base-virtaddr=0x7ffe00000000 --proc-type=auto ]
EAL: Detected 32 lcore(s)
EAL: Auto-detected process type: SECONDARY
Starting DPDK 17.11.2 initialization...
[ DPDK EAL parameters: qemu -c 0x4 -m 2048 -w 0000:00:04.0 --file-prefix=spdk1 --base-virtaddr=0x7ffe00000000 --proc-type=auto ]
Starting DPDK 17.11.2 initialization...
[ DPDK EAL parameters: qemu -c 0x4 -m 2048 -w 0000:00:04.0 --file-prefix=spdk1 --base-virtaddr=0x7ffe00000000 --proc-type=auto ]
EAL: Detected 32 lcore(s)
EAL: Auto-detected process type: SECONDARY
EAL: Detected 32 lcore(s)
EAL: Auto-detected process type: SECONDARY
EAL: Detected 32 lcore(s)
EAL: Auto-detected process type: SECONDARY
EAL: Detected 32 lcore(s)
EAL: Auto-detected process type: SECONDARY
EAL: Probing VFIO support...
EAL: VFIO support initialized
EAL: WARNING: Address Space Layout Randomization (ASLR) is enabled in the kernel.
EAL:    This may cause issues with mapping memory into secondary processes
EAL: Probing VFIO support...
EAL: VFIO support initialized
EAL: WARNING: Address Space Layout Randomization (ASLR) is enabled in the kernel.
EAL:    This may cause issues with mapping memory into secondary processes
EAL: Probing VFIO support...
EAL: VFIO support initialized
EAL: WARNING: Address Space Layout Randomization (ASLR) is enabled in the kernel.
EAL:    This may cause issues with mapping memory into secondary processes
qemu-system-x86_64: -chardev socket,id=char1,path=/tmp/sock0,server: info: QEMU waiting for connection on: disconnected:unix:/tmp/sock0,server
EAL: Probing VFIO support...
EAL: VFIO support initialized
EAL: WARNING: Address Space Layout Randomization (ASLR) is enabled in the kernel.
EAL:    This may cause issues with mapping memory into secondary processes
EAL: Probing VFIO support...
EAL: VFIO support initialized
EAL: WARNING: Address Space Layout Randomization (ASLR) is enabled in the kernel.
EAL:    This may cause issues with mapping memory into secondary processes
qemu-system-x86_64: -chardev socket,id=char2,path=/tmp/sock1,server: info: QEMU waiting for connection on: disconnected:unix:/tmp/sock1,server
EAL: Probing VFIO support...
EAL: VFIO support initialized
EAL: WARNING: Address Space Layout Randomization (ASLR) is enabled in the kernel.
EAL:    This may cause issues with mapping memory into secondary processes
EAL: Probing VFIO support...
EAL: VFIO support initialized
EAL: WARNING: Address Space Layout Randomization (ASLR) is enabled in the kernel.
EAL:    This may cause issues with mapping memory into secondary processes
EAL: Probing VFIO support...
EAL: VFIO support initialized
EAL: WARNING: Address Space Layout Randomization (ASLR) is enabled in the kernel.
EAL:    This may cause issues with mapping memory into secondary processes
EAL: Probing VFIO support...
EAL: VFIO support initialized
EAL: WARNING: Address Space Layout Randomization (ASLR) is enabled in the kernel.
EAL:    This may cause issues with mapping memory into secondary processes
qemu-system-x86_64: -chardev socket,id=char3,path=/tmp/sock2,server: info: QEMU waiting for connection on: disconnected:unix:/tmp/sock2,server
EAL: Probing VFIO support...
EAL: VFIO support initialized
EAL: WARNING: Address Space Layout Randomization (ASLR) is enabled in the kernel.
EAL:    This may cause issues with mapping memory into secondary processes
EAL: Probing VFIO support...
EAL: VFIO support initialized
EAL: WARNING: Address Space Layout Randomization (ASLR) is enabled in the kernel.
EAL: Probing VFIO support...
EAL:    This may cause issues with mapping memory into secondary processes
EAL: VFIO support initialized
EAL: WARNING: Address Space Layout Randomization (ASLR) is enabled in the kernel.
EAL:    This may cause issues with mapping memory into secondary processes
EAL: Probing VFIO support...
EAL: VFIO support initialized
EAL: WARNING: Address Space Layout Randomization (ASLR) is enabled in the kernel.
EAL:    This may cause issues with mapping memory into secondary processes
EAL: Probing VFIO support...
EAL: VFIO support initialized
EAL: WARNING: Address Space Layout Randomization (ASLR) is enabled in the kernel.
EAL:    This may cause issues with mapping memory into secondary processes
EAL: Probing VFIO support...
EAL: VFIO support initialized
EAL: WARNING: Address Space Layout Randomization (ASLR) is enabled in the kernel.
EAL:    This may cause issues with mapping memory into secondary processes
EAL: Probing VFIO support...
EAL: VFIO support initialized
EAL: WARNING: Address Space Layout Randomization (ASLR) is enabled in the kernel.
EAL:    This may cause issues with mapping memory into secondary processes
qemu-system-x86_64: -chardev socket,id=char4,path=/tmp/sock3,server: info: QEMU waiting for connection on: disconnected:unix:/tmp/sock3,server
qemu-system-x86_64: -chardev socket,id=char5,path=/tmp/sock4,server: info: QEMU waiting for connection on: disconnected:unix:/tmp/sock4,server
qemu-system-x86_64: -chardev socket,id=char6,path=/tmp/sock5,server: info: QEMU waiting for connection on: disconnected:unix:/tmp/sock5,server
qemu-system-x86_64: -chardev socket,id=char7,path=/tmp/sock6,server: info: QEMU waiting for connection on: disconnected:unix:/tmp/sock6,server
qemu-system-x86_64: -chardev socket,id=char9,path=/tmp/sock8,server: info: QEMU waiting for connection on: disconnected:unix:/tmp/sock8,server
qemu-system-x86_64: -chardev socket,id=char8,path=/tmp/sock7,server: info: QEMU waiting for connection on: disconnected:unix:/tmp/sock7,server
qemu-system-x86_64: -chardev socket,id=char12,path=/tmp/sock11,server: info: QEMU waiting for connection on: disconnected:unix:/tmp/sock11,server
qemu-system-x86_64: -chardev socket,id=char13,path=/tmp/sock12,server: info: QEMU waiting for connection on: disconnected:unix:/tmp/sock12,server
qemu-system-x86_64: -chardev socket,id=char11,path=/tmp/sock10,server: info: QEMU waiting for connection on: disconnected:unix:/tmp/sock10,server
qemu-system-x86_64: -chardev socket,id=char14,path=/tmp/sock13,server: info: QEMU waiting for connection on: disconnected:unix:/tmp/sock13,server
qemu-system-x86_64: -chardev socket,id=char16,path=/tmp/sock15,server: info: QEMU waiting for connection on: disconnected:unix:/tmp/sock15,server
qemu-system-x86_64: -chardev socket,id=char10,path=/tmp/sock9,server: info: QEMU waiting for connection on: disconnected:unix:/tmp/sock9,server
qemu-system-x86_64: -chardev socket,id=char15,path=/tmp/sock14,server: info: QEMU waiting for connection on: disconnected:unix:/tmp/sock14,server
mem[2] registered!
dev->virtio_vq[0]->size=256
process id =28502
msg->payload.addr.index=0
msg->payload.ppid=28502
kickfd=30
callfd=28
dev->virtio_vq[1]->size=256
process id =28502
msg->payload.addr.index=1
msg->payload.ppid=28502
kickfd=31
callfd=29
copy thread 28522 running
mem[2] registered!
dev->virtio_vq[0]->size=256
process id =28505
msg->payload.addr.index=0
msg->payload.ppid=28505
kickfd=30
callfd=28
dev->virtio_vq[1]->size=256
process id =28505
msg->payload.addr.index=1
msg->payload.ppid=28505
kickfd=31
callfd=29
copy thread 28523 running
mem[2] registered!
dev->virtio_vq[0]->size=256
process id =28508
msg->payload.addr.index=0
msg->payload.ppid=28508
kickfd=30
callfd=28
dev->virtio_vq[1]->size=256
process id =28508
msg->payload.addr.index=1
msg->payload.ppid=28508
kickfd=31
callfd=29
copy thread 28524 running
mem[2] registered!
dev->virtio_vq[0]->size=256
process id =28501
msg->payload.addr.index=0
msg->payload.ppid=28501
kickfd=30
callfd=28
dev->virtio_vq[1]->size=256
process id =28501
msg->payload.addr.index=1
msg->payload.ppid=28501
kickfd=31
callfd=29
copy thread 28525 running
qemu-system-x86_64: terminating on signal 15 from pid 28566 (pkill)
qemu-system-x86_64: terminating on signal 15 from pid 28566 ()
qemu-system-x86_64: terminating on signal 15 from pid 28566 ()q
emu-system-x86_64: terminating on signal 15 from pid 28566 ()
Starting DPDK 17.11.2 initialization...
[ DPDK EAL parameters: qemu -c 0x4 -m 2048 -w 0000:00:04.0 --file-prefix=spdk1 --base-virtaddr=0x7ffe00000000 --proc-type=auto ]
EAL: Detected 32 lcore(s)
EAL: Auto-detected process type: SECONDARY
Starting DPDK 17.11.2 initialization...
[ DPDK EAL parameters: qemu -c 0x4 -m 2048 -w 0000:00:04.0 --file-prefix=spdk1 --base-virtaddr=0x7ffe00000000 --proc-type=auto ]
EAL: Detected 32 lcore(s)
EAL: Auto-detected process type: SECONDARY
Starting DPDK 17.11.2 initialization...
[ DPDK EAL parameters: qemu -c 0x4 -m 2048 -w 0000:00:04.0 --file-prefix=spdk1 --base-virtaddr=0x7ffe00000000 --proc-type=auto ]
EAL: Detected 32 lcore(s)
EAL: Auto-detected process type: SECONDARY
Starting DPDK 17.11.2 initialization...
[ DPDK EAL parameters: qemu -c 0x4 -m 2048 -w 0000:00:04.0 --file-prefix=spdk1 --base-virtaddr=0x7ffe00000000 --proc-type=auto ]
EAL: Detected 32 lcore(s)
EAL: Auto-detected process type: SECONDARY
EAL: Probing VFIO support...
EAL: VFIO support initialized
EAL: WARNING: Address Space Layout Randomization (ASLR) is enabled in the kernel.
EAL:    This may cause issues with mapping memory into secondary processes
EAL: Probing VFIO support...
EAL: VFIO support initialized
EAL: WARNING: Address Space Layout Randomization (ASLR) is enabled in the kernel.
EAL:    This may cause issues with mapping memory into secondary processes
EAL: Probing VFIO support...
EAL: VFIO support initialized
EAL: WARNING: Address Space Layout Randomization (ASLR) is enabled in the kernel.
EAL:    This may cause issues with mapping memory into secondary processes
EAL: Probing VFIO support...
EAL: VFIO support initialized
EAL: WARNING: Address Space Layout Randomization (ASLR) is enabled in the kernel.
EAL:    This may cause issues with mapping memory into secondary processes
qemu-system-x86_64: -chardev socket,id=char4,path=/tmp/sock3,server: info: QEMU waiting for connection on: disconnected:unix:/tmp/sock3,server
qemu-system-x86_64: -chardev socket,id=char3,path=/tmp/sock2,server: info: QEMU waiting for connection on: disconnected:unix:/tmp/sock2,server
qemu-system-x86_64: -chardev socket,id=char1,path=/tmp/sock0,server: info: QEMU waiting for connection on: disconnected:unix:/tmp/sock0,server
qemu-system-x86_64: -chardev socket,id=char2,path=/tmp/sock1,server: info: QEMU waiting for connection on: disconnected:unix:/tmp/sock1,server
qqemu-system-x86_64emu-system-x86_64:: qemu-system-x86_64 : Failed to read msg header. Read Fqailed to read msg header. Read emu-system-x86_64-1:  instead of 1F2ailed to read msg header. Read .0 Original request  instead of 1112..
 Original request 11q.emu-system-x86_64
: vqhost VQ emu-system-x86_640 ring restore failed: :- 1v:host VQ  0I ring restore failed: nput/output error- 1(:5 )I
nterrupted system call (4)
Failed to read msg header. Read -q1emu-system-x86_64 :instead of  1F2ailed to set msg fds.q.emu-system-x86_64
 Original request :q1 emu-system-x86_641F:.ailed to read msg header. Read  
0v instead of host VQ 112 ring restore failed: q.-emu-system-x86_64 Original request 1:1: 1v .host VQ I
0nterrupted system callq ring restore failed:  emu-system-x86_64-(1: Input/output error (-5)1
 :instead of  1v2host VQ .1 Original request  ring restore failed: 1-11.:
 Invalid argument q(qemu-system-x86_642emu-system-x86_64:2: ) F
vailed to read msg header. Read host VQ 01 instead of  ring restore failed: 1-21.: Original request  1I1nput/output error. 
(q5emu-system-x86_64):
 vhost VQ 1 ring restore failed: -1: Invalid argument (22)
4)
Starting DPDK 17.11.2 initialization...
[ DPDK EAL parameters: qemu -c 0x4 -m 2048 -w 0000:00:04.0 --file-prefix=spdk1 --base-virtaddr=0x7ffe00000000 --proc-type=auto ]
EAL: Detected 32 lcore(s)
EAL: Auto-detected process type: SECONDARY
Starting DPDK 17.11.2 initialization...
[ DPDK EAL parameters: qemu -c 0x4 -m 2048 -w 0000:00:04.0 --file-prefix=spdk1 --base-virtaddr=0x7ffe00000000 --proc-type=auto ]
EAL: Detected 32 lcore(s)
EAL: Auto-detected process type: SECONDARY
Starting DPDK 17.11.2 initialization...
[ DPDK EAL parameters: qemu -c 0x4 -m 2048 -w 0000:00:04.0 --file-prefix=spdk1 --base-virtaddr=0x7ffe00000000 --proc-type=auto ]
EAL: Detected 32 lcore(s)
EAL: Auto-detected process type: SECONDARY
Starting DPDK 17.11.2 initialization...
[ DPDK EAL parameters: qemu -c 0x4 -m 2048 -w 0000:00:04.0 --file-prefix=spdk1 --base-virtaddr=0x7ffe00000000 --proc-type=auto ]
EAL: Detected 32 lcore(s)
EAL: Auto-detected process type: SECONDARY
EAL: Probing VFIO support...
EAL: VFIO support initialized
EAL: WARNING: Address Space Layout Randomization (ASLR) is enabled in the kernel.
EAL:    This may cause issues with mapping memory into secondary processes
EAL: Probing VFIO support...
EAL: VFIO support initialized
EAL: WARNING: Address Space Layout Randomization (ASLR) is enabled in the kernel.
EAL:    This may cause issues with mapping memory into secondary processes
EAL: Probing VFIO support...
EAL: VFIO support initialized
EAL: WARNING: Address Space Layout Randomization (ASLR) is enabled in the kernel.
EAL:    This may cause issues with mapping memory into secondary processes
EAL: Probing VFIO support...
EAL: VFIO support initialized
EAL: WARNING: Address Space Layout Randomization (ASLR) is enabled in the kernel.
EAL:    This may cause issues with mapping memory into secondary processes
qemu-system-x86_64: -chardev socket,id=char2,path=/tmp/sock1,server: info: QEMU waiting for connection on: disconnected:unix:/tmp/sock1,server
qemu-system-x86_64: -chardev socket,id=char3,path=/tmp/sock2,server: info: QEMU waiting for connection on: disconnected:unix:/tmp/sock2,server
qemu-system-x86_64: -chardev socket,id=char4,path=/tmp/sock3,server: info: QEMU waiting for connection on: disconnected:unix:/tmp/sock3,server
qemu-system-x86_64: -chardev socket,id=char1,path=/tmp/sock0,server: info: QEMU waiting for connection on: disconnected:unix:/tmp/sock0,server
mem[2] registered!
dev->virtio_vq[0]->size=256
process id =29231
msg->payload.addr.index=0
msg->payload.ppid=29231
kickfd=30
callfd=28
dev->virtio_vq[1]->size=256
process id =29231
msg->payload.addr.index=1
msg->payload.ppid=29231
kickfd=31
callfd=29
copy thread 29246 running
mem[2] registered!
dev->virtio_vq[0]->size=256
process id =29232
msg->payload.addr.index=0
msg->payload.ppid=29232
kickfd=30
callfd=28
dev->virtio_vq[1]->size=256
process id =29232
msg->payload.addr.index=1
msg->payload.ppid=29232
kickfd=31
callfd=29
copy thread 29247 running
mem[2] registered!
dev->virtio_vq[0]->size=256
process id =29225
msg->payload.addr.index=0
msg->payload.ppid=29225
kickfd=30
callfd=28
dev->virtio_vq[1]->size=256
process id =29225
msg->payload.addr.index=1
msg->payload.ppid=29225
kickfd=31
callfd=29
copy thread 29248 running
mem[2] registered!
dev->virtio_vq[0]->size=256
process id =29228
msg->payload.addr.index=0
msg->payload.ppid=29228
kickfd=31
callfd=29
dev->virtio_vq[1]->size=256
process id =29228
msg->payload.addr.index=1
msg->payload.ppid=29228
kickfd=32
callfd=30
copy thread 29249 running
qqemu-system-x86_64emu-system-x86_64::  tterminating on signal erminating on signal 1155  from pid from pid 2292569256  (())

qqemu-system-x86_64emu-system-x86_64::  tterminating on signal erminating on signal 1155  from pid from pid 2292569256  ((<<unknown process>unknown process>))

qqemu-system-x86_64qemu-system-x86_64emu-system-x86_64:q:  emu-system-x86_64FFailed to read msg header. Read :ailed to read msg header. Read  --F11 ailed to read msg header. Read  instead of 0instead of 1 instead of 1221.2. Original request . Original request 1 Original request 1111.1.

:qq emu-system-x86_64emu-system-x86_64:F :ailed to read msg header. Read v -host VQ v11host VQ  ring restore failed:  -1instead of 1 ring restore failed: 1:-21 .:I Original request  nput/output error1I 1nput/output error( .5(
)5
)q
emu-system-x86_64.:
 vhost VQ 0 ring restore failed: q-emu-system-x86_641::  vIhost VQ nput/output error0  ring restore failed: (-51):
 Interrupted system call (4)
qemu-system-x86_64: Failed to set msg fds.
qemu-system-x86_64: vhost VQ 1 ring restore failed: -1:q emu-system-x86_64I:nterrupted system call  F(ailed to read msg header. Read 40) instead of 
12. Original request 11.
qemu-system-x86_64: vhost VQ 1 ring restore failed: -1: Invalid argument (22)
Starting DPDK 17.11.2 initialization...
[ DPDK EAL parameters: qemu -c 0x4 -m 2048 -w 0000:00:04.0 --file-prefix=spdk1 --base-virtaddr=0x7ffe00000000 --proc-type=auto ]
EAL: Detected 32 lcore(s)
EAL: Auto-detected process type: SECONDARY
Starting DPDK 17.11.2 initialization...
[ DPDK EAL parameters: qemu -c 0x4 -m 2048 -w 0000:00:04.0 --file-prefix=spdk1 --base-virtaddr=0x7ffe00000000 --proc-type=auto ]
EAL: Detected 32 lcore(s)
EAL: Auto-detected process type: SECONDARY
Starting DPDK 17.11.2 initialization...
[ DPDK EAL parameters: qemu -c 0x4 -m 2048 -w 0000:00:04.0 --file-prefix=spdk1 --base-virtaddr=0x7ffe00000000 --proc-type=auto ]
EAL: Detected 32 lcore(s)
EAL: Auto-detected process type: SECONDARY
Starting DPDK 17.11.2 initialization...
[ DPDK EAL parameters: qemu -c 0x4 -m 2048 -w 0000:00:04.0 --file-prefix=spdk1 --base-virtaddr=0x7ffe00000000 --proc-type=auto ]
EAL: Detected 32 lcore(s)
EAL: Auto-detected process type: SECONDARY
Starting DPDK 17.11.2 initialization...
[ DPDK EAL parameters: qemu -c 0x4 -m 2048 -w 0000:00:04.0 --file-prefix=spdk1 --base-virtaddr=0x7ffe00000000 --proc-type=auto ]
Starting DPDK 17.11.2 initialization...
[ DPDK EAL parameters: qemu -c 0x4 -m 2048 -w 0000:00:04.0 --file-prefix=spdk1 --base-virtaddr=0x7ffe00000000 --proc-type=auto ]
EAL: Detected 32 lcore(s)
EAL: Auto-detected process type: SECONDARY
Starting DPDK 17.11.2 initialization...
[ DPDK EAL parameters: qemu -c 0x4 -m 2048 -w 0000:00:04.0 --file-prefix=spdk1 --base-virtaddr=0x7ffe00000000 --proc-type=auto ]
EAL: Detected 32 lcore(s)
EAL: Auto-detected process type: SECONDARY
Starting DPDK 17.11.2 initialization...
[ DPDK EAL parameters: qemu -c 0x4 -m 2048 -w 0000:00:04.0 --file-prefix=spdk1 --base-virtaddr=0x7ffe00000000 --proc-type=auto ]
EAL: Detected 32 lcore(s)
EAL: Auto-detected process type: SECONDARY
Starting DPDK 17.11.2 initialization...
[ DPDK EAL parameters: qemu -c 0x4 -m 2048 -w 0000:00:04.0 --file-prefix=spdk1 --base-virtaddr=0x7ffe00000000 --proc-type=auto ]
EAL: Detected 32 lcore(s)
EAL: Auto-detected process type: SECONDARY
Starting DPDK 17.11.2 initialization...
[ DPDK EAL parameters: qemu -c 0x4 -m 2048 -w 0000:00:04.0 --file-prefix=spdk1 --base-virtaddr=0x7ffe00000000 --proc-type=auto ]
EAL: Detected 32 lcore(s)
EAL: Auto-detected process type: SECONDARY
Starting DPDK 17.11.2 initialization...
[ DPDK EAL parameters: qemu -c 0x4 -m 2048 -w 0000:00:04.0 --file-prefix=spdk1 --base-virtaddr=0x7ffe00000000 --proc-type=auto ]
Starting DPDK 17.11.2 initialization...
[ DPDK EAL parameters: qemu -c 0x4 -m 2048 -w 0000:00:04.0 --file-prefix=spdk1 --base-virtaddr=0x7ffe00000000 --proc-type=auto ]
EAL: Detected 32 lcore(s)
EAL: Auto-detected process type: SECONDARY
Starting DPDK 17.11.2 initialization...
[ DPDK EAL parameters: qemu -c 0x4 -m 2048 -w 0000:00:04.0 --file-prefix=spdk1 --base-virtaddr=0x7ffe00000000 --proc-type=auto ]
Starting DPDK 17.11.2 initialization...
[ DPDK EAL parameters: qemu -c 0x4 -m 2048 -w 0000:00:04.0 --file-prefix=spdk1 --base-virtaddr=0x7ffe00000000 --proc-type=auto ]
EAL: Detected 32 lcore(s)
EAL: Auto-detected process type: SECONDARY
Starting DPDK 17.11.2 initialization...
[ DPDK EAL parameters: qemu -c 0x4 -m 2048 -w 0000:00:04.0 --file-prefix=spdk1 --base-virtaddr=0x7ffe00000000 --proc-type=auto ]
EAL: Detected 32 lcore(s)
EAL: Auto-detected process type: SECONDARY
Starting DPDK 17.11.2 initialization...
[ DPDK EAL parameters: qemu -c 0x4 -m 2048 -w 0000:00:04.0 --file-prefix=spdk1 --base-virtaddr=0x7ffe00000000 --proc-type=auto ]
EAL: Detected 32 lcore(s)
EAL: Auto-detected process type: SECONDARY
EAL: Detected 32 lcore(s)
EAL: Auto-detected process type: SECONDARY
EAL: Detected 32 lcore(s)
EAL: Auto-detected process type: SECONDARY
EAL: Detected 32 lcore(s)
EAL: Auto-detected process type: SECONDARY
EAL: Probing VFIO support...
EAL: VFIO support initialized
EAL: WARNING: Address Space Layout Randomization (ASLR) is enabled in the kernel.
EAL:    This may cause issues with mapping memory into secondary processes
EAL: Probing VFIO support...
EAL: VFIO support initialized
EAL: WARNING: Address Space Layout Randomization (ASLR) is enabled in the kernel.
EAL:    This may cause issues with mapping memory into secondary processes
EAL: Probing VFIO support...
EAL: VFIO support initialized
EAL: WARNING: Address Space Layout Randomization (ASLR) is enabled in the kernel.
EAL:    This may cause issues with mapping memory into secondary processes
qemu-system-x86_64: -chardev socket,id=char1,path=/tmp/sock0,server: info: QEMU waiting for connection on: disconnected:unix:/tmp/sock0,server
EAL: Probing VFIO support...
EAL: VFIO support initialized
EAL: WARNING: Address Space Layout Randomization (ASLR) is enabled in the kernel.
EAL:    This may cause issues with mapping memory into secondary processes
EAL: Probing VFIO support...
EAL: VFIO support initialized
EAL: WARNING: Address Space Layout Randomization (ASLR) is enabled in the kernel.
EAL:    This may cause issues with mapping memory into secondary processes
EAL: Probing VFIO support...
EAL: VFIO support initialized
EAL: WARNING: Address Space Layout Randomization (ASLR) is enabled in the kernel.
EAL:    This may cause issues with mapping memory into secondary processes
EAL: Probing VFIO support...
EAL: VFIO support initialized
EAL: WARNING: Address Space Layout Randomization (ASLR) is enabled in the kernel.
EAL:    This may cause issues with mapping memory into secondary processes
EAL: Probing VFIO support...
EAL: VFIO support initialized
EAL: WARNING: Address Space Layout Randomization (ASLR) is enabled in the kernel.
EAL:    This may cause issues with mapping memory into secondary processes
EAL: Probing VFIO support...
EAL: VFIO support initialized
EAL: WARNING: Address Space Layout Randomization (ASLR) is enabled in the kernel.
EAL:    This may cause issues with mapping memory into secondary processes
EAL: Probing VFIO support...
EAL: VFIO support initialized
EAL: WARNING: Address Space Layout Randomization (ASLR) is enabled in the kernel.
EAL:    This may cause issues with mapping memory into secondary processes
EAL: Probing VFIO support...
EAL: VFIO support initialized
EAL: WARNING: Address Space Layout Randomization (ASLR) is enabled in the kernel.
EAL:    This may cause issues with mapping memory into secondary processes
EAL: Probing VFIO support...
EAL: VFIO support initialized
EAL: WARNING: Address Space Layout Randomization (ASLR) is enabled in the kernel.
EAL:    This may cause issues with mapping memory into secondary processes
EAL: Probing VFIO support...
EAL: VFIO support initialized
EAL: WARNING: Address Space Layout Randomization (ASLR) is enabled in the kernel.
EAL:    This may cause issues with mapping memory into secondary processes
EAL: Probing VFIO support...
EAL: VFIO support initialized
EAL: WARNING: Address Space Layout Randomization (ASLR) is enabled in the kernel.
EAL:    This may cause issues with mapping memory into secondary processes
qemu-system-x86_64: -chardev socket,id=char2,path=/tmp/sock1,server: info: QEMU waiting for connection on: disconnected:unix:/tmp/sock1,server
EAL: Probing VFIO support...
EAL: VFIO support initialized
EAL: WARNING: Address Space Layout Randomization (ASLR) is enabled in the kernel.
EAL:    This may cause issues with mapping memory into secondary processes
EAL: Probing VFIO support...
EAL: VFIO support initialized
EAL: WARNING: Address Space Layout Randomization (ASLR) is enabled in the kernel.
EAL:    This may cause issues with mapping memory into secondary processes
qemu-system-x86_64: -chardev socket,id=char3,path=/tmp/sock2,server: info: QEMU waiting for connection on: disconnected:unix:/tmp/sock2,server
qemu-system-x86_64: -chardev socket,id=char5,path=/tmp/sock4,server: info: QEMU waiting for connection on: disconnected:unix:/tmp/sock4,server
qemu-system-x86_64: -chardev socket,id=char6,path=/tmp/sock5,server: info: QEMU waiting for connection on: disconnected:unix:/tmp/sock5,server
qemu-system-x86_64: -chardev socket,id=char7,path=/tmp/sock6,server: info: QEMU waiting for connection on: disconnected:unix:/tmp/sock6,server
qemu-system-x86_64: -chardev socket,id=char8,path=/tmp/sock7,server: info: QEMU waiting for connection on: disconnected:unix:/tmp/sock7,server
qemu-system-x86_64: -chardev socket,id=char11,path=/tmp/sock10,server: info: QEMU waiting for connection on: disconnected:unix:/tmp/sock10,server
qemu-system-x86_64: -chardev socket,id=char10,path=/tmp/sock9,server: info: QEMU waiting for connection on: disconnected:unix:/tmp/sock9,server
qemu-system-x86_64: -chardev socket,id=char4,path=/tmp/sock3,server: info: QEMU waiting for connection on: disconnected:unix:/tmp/sock3,serverq
emu-system-x86_64: -chardev socket,id=char13,path=/tmp/sock12,server: info: QEMU waiting for connection on: disconnected:unix:/tmp/sock12,server
qemu-system-x86_64: -chardev socket,id=char12,path=/tmp/sock11,server: info: QEMU waiting for connection on: disconnected:unix:/tmp/sock11,server
qemu-system-x86_64: -chardev socket,id=char14,path=/tmp/sock13,server: info: QEMU waiting for connection on: disconnected:unix:/tmp/sock13,server
qemu-system-x86_64: -chardev socket,id=char15,path=/tmp/sock14,server: info: QEMU waiting for connection on: disconnected:unix:/tmp/sock14,server
qemu-system-x86_64: -chardev socket,id=char9,path=/tmp/sock8,server: info: QEMU waiting for connection on: disconnected:unix:/tmp/sock8,server
qemu-system-x86_64: -chardev socket,id=char16,path=/tmp/sock15,server: info: QEMU waiting for connection on: disconnected:unix:/tmp/sock15,server
qemu-system-x86_64: -object memory-backend-file,id=mem,size=2048M,mem-path=/dev/hugepages,share=on: unable to map backing store for guest RAM: Cannot allocate memory
mem[2] registered!
dev->virtio_vq[0]->size=256
process id =29987
msg->payload.addr.index=0
msg->payload.ppid=29987
kickfd=30
callfd=28
dev->virtio_vq[1]->size=256
process id =29987
msg->payload.addr.index=1
msg->payload.ppid=29987
kickfd=31
callfd=29
copy thread 30083 running
mem[2] registered!
dev->virtio_vq[0]->size=256
process id =30015
msg->payload.addr.index=0
msg->payload.ppid=30015
kickfd=30
callfd=28
dev->virtio_vq[1]->size=256
process id =30015
msg->payload.addr.index=1
msg->payload.ppid=30015
kickfd=31
callfd=29
copy thread 30084 running
mem[2] registered!
dev->virtio_vq[0]->size=256
process id =30012
msg->payload.addr.index=0
msg->payload.ppid=30012
kickfd=30
callfd=28
dev->virtio_vq[1]->size=256
process id =30012
msg->payload.addr.index=1
msg->payload.ppid=30012
kickfd=31
callfd=29
copy thread 30085 running
mem[2] registered!
dev->virtio_vq[0]->size=256
process id =30024
msg->payload.addr.index=0
msg->payload.ppid=30024
kickfd=30
callfd=28
dev->virtio_vq[1]->size=256
process id =30024
msg->payload.addr.index=1
msg->payload.ppid=30024
kickfd=31
callfd=29
copy thread 30086 running
mem[2] registered!
dev->virtio_vq[0]->size=256
process id =30046
msg->payload.addr.index=0
msg->payload.ppid=30046
kickfd=30
callfd=28
dev->virtio_vq[1]->size=256
process id =30046
msg->payload.addr.index=1
msg->payload.ppid=30046
kickfd=31
callfd=29
mem[2] registered!
copy thread 30087 running
dev->virtio_vq[0]->size=256
process id =30028
msg->payload.addr.index=0
msg->payload.ppid=30028
kickfd=30
callfd=28
dev->virtio_vq[1]->size=256
process id =30028
msg->payload.addr.index=1
msg->payload.ppid=30028
kickfd=31
callfd=29
copy thread 30088 running
mem[2] registered!
dev->virtio_vq[0]->size=256
process id =30025
msg->payload.addr.index=0
msg->payload.ppid=30025
kickfd=30
callfd=28
dev->virtio_vq[1]->size=256
process id =30025
msg->payload.addr.index=1
msg->payload.ppid=30025
kickfd=31
callfd=29
copy thread 30089 running
mem[2] registered!
dev->virtio_vq[0]->size=256
process id =30040
msg->payload.addr.index=0
msg->payload.ppid=30040
kickfd=30
callfd=28
dev->virtio_vq[1]->size=256
process id =30040
msg->payload.addr.index=1
msg->payload.ppid=30040
kickfd=31
callfd=29
copy thread 30090 running
mem[2] registered!
dev->virtio_vq[0]->size=256
process id =30037
msg->payload.addr.index=0
msg->payload.ppid=30037
kickfd=30
callfd=28
dev->virtio_vq[1]->size=256
process id =30037
msg->payload.addr.index=1
msg->payload.ppid=30037
kickfd=31
callfd=29
copy thread 30091 running
mem[2] registered!
dev->virtio_vq[0]->size=256
process id =30052
msg->payload.addr.index=0
msg->payload.ppid=30052
kickfd=30
callfd=28
dev->virtio_vq[1]->size=256
process id =30052
msg->payload.addr.index=1
msg->payload.ppid=30052
kickfd=31
callfd=29
copy thread 30092 running
mem[2] registered!
dev->virtio_vq[0]->size=256
process id =30065
msg->payload.addr.index=0
msg->payload.ppid=30065
kickfd=30
callfd=28
dev->virtio_vq[1]->size=256
process id =30065
msg->payload.addr.index=1
msg->payload.ppid=30065
kickfd=31
callfd=29
copy thread 30093 running
mem[2] registered!
dev->virtio_vq[0]->size=256
process id =30059
msg->payload.addr.index=0
msg->payload.ppid=30059
kickfd=30
callfd=28
dev->virtio_vq[1]->size=256
process id =30059
msg->payload.addr.index=1
msg->payload.ppid=30059
kickfd=31
callfd=29
copy thread 30094 running
mem[2] registered!
dev->virtio_vq[0]->size=256
process id =30069
msg->payload.addr.index=0
msg->payload.ppid=30069
kickfd=30
callfd=28
dev->virtio_vq[1]->size=256
process id =30069
msg->payload.addr.index=1
msg->payload.ppid=30069
kickfd=31
callfd=29
copy thread 30095 running
mem[2] registered!
dev->virtio_vq[0]->size=256
process id =30078
msg->payload.addr.index=0
msg->payload.ppid=30078
kickfd=30
callfd=28
dev->virtio_vq[1]->size=256
process id =30078
msg->payload.addr.index=1
msg->payload.ppid=30078
kickfd=31
callfd=29
copy thread 30096 running
mem[2] registered!
dev->virtio_vq[0]->size=256
process id =30062
msg->payload.addr.index=0
msg->payload.ppid=30062
kickfd=30
callfd=28
dev->virtio_vq[1]->size=256
process id =30062
msg->payload.addr.index=1
msg->payload.ppid=30062
kickfd=31
callfd=29
copy thread 30097 running
qqemu-system-x86_64qqqemu-system-x86_64qqq:qemu-system-x86_64qemu-system-x86_64emu-system-x86_64:emu-system-x86_64qemu-system-x86_64emu-system-x86_64 emu-system-x86_64:emu-system-x86_64:: :emu-system-x86_64::t: :  t :  erminating on signal  t tqterminating on signal t tt1terminating on signal terminating on signal emu-system-x86_64erminating on signal 1erminating on signal terminating on signal erminating on signal 5qerminating on signal 1erminating on signal 1q:151erminating on signal 11 emu-system-x86_641515emu-system-x86_64 5 5155from pid :5 5 :t from pid  5  3  from pid  from pid  erminating on signal from pid 3from pid  from pid from pid 0156tfrom pid 3from pid 3t1301563from pid 33 erminating on signal 3015630156erminating on signal 50156 0156301560156(10156 0156 1  ( 0156  )5 ( (5from pid ()( ((
 ()() 3)
)())from pid )
)
from pid 0156

)

3

3 
01560156(  <((unknown process><<)unknown process>unknown process>
))

qemu-system-x86_64: terminating on signal 15 from pid 30156 (<unknown process>)
qqqemu-system-x86_64emu-system-x86_64emu-system-x86_64q:::emu-system-x86_64   :FFq Failed to read msg header. Read ailed to read msg header. Read qqemu-system-x86_64Fqailed to read msg header. Read q-q-emu-system-x86_64qq:qemu-system-x86_64 emu-system-x86_64:F: ailed to read msg header. Read  qF-Femu-system-x86_64ailed to read msg header. Read 1ailed to read msg header. Read :- - 1F instead of instead of 1ailed to read msg header. Read 102 instead of .12 Original request . Original request 1111.
.
qemu-system-x86_64: vqhost VQ emu-system-x86_640: ring restore failed:  -1v: host VQ 0 ring restore failed: -1: ailed to read msg header. Read Input/output error -(15 )instead of 
12. Original request 11.
-qemu-system-x86_641 :instead of  1v2host VQ .0 Original request  ring restore failed: q1-emu-system-x86_6411.::
  IFqnput/output errorailed to read msg header. Read emu-system-x86_64 0:( instead of  51v)2host VQ 
.0 Original request  ring restore failed: 1-11:. 
Iqnput/output erroremu-system-x86_64 :( 5v)host VQ 
1q ring restore failed: emu-system-x86_64-1::  Failed to read msg header. Read Invalid argument0  instead of (1222.) Original request 
11.
qqemu-system-x86_64emu-system-x86_64::  vFhost VQ ailed to read msg header. Read 10 ring restore failed:  instead of -112:.  Original request I1nvalid argument1 .(
2q2emu-system-x86_64):
 vhost VQ 1 ring restore failed: -emu-system-x86_641: :I nvalid argument F(ailed to read msg header. Read 22-)1
 instead of emu-system-x86_6412:.  Original request F1ailed to read msg header. Read 1-.1
 instead of emu-system-x86_641q2:.emu-system-x86_64  Original request :F1 ailed to read msg header. Read 1v-.host VQ 1
 0instead of  ring restore failed: q1-emu-system-x86_6421:.:  Original request  v1Ihost VQ 1nput/output error0.  ring restore failed: 
(-51q):emu-system-x86_64
 :I nput/output errorv host VQ (05 ring restore failed: )-
1: Input/output error (5q)emu-system-x86_64
: Fqailed to read msg header. Read emu-system-x86_640: instead of  1F2ailed to read msg header. Read .0 Original request  instead of 1q11emu-system-x86_642..:
 Original request  q1Femu-system-x86_641ailed to read msg header. Read :.0 
 instead of v1qhost VQ 2emu-system-x86_641:. ring restore failed:   Original request -v11host VQ 1:1.  ring restore failed: 
I-qnvalid argument1emu-system-x86_64 ::(  I2vnvalid argument2host VQ  )(1
2 ring restore failed: 2-)1
: Invalid argument (22)
: Failed to read msg header. Read -1q instead of emu-system-x86_641:2 .F Original request ailed to read msg header. Read 1-11 .instead of 
12qemu-system-x86_64. Original request : 11vhost VQ .
0 ring restore failed: -q1emu-system-x86_64::  Ivnput/output errorhost VQ  0( ring restore failed: 5-)1
: Input/output error (5)
1 instead of 12. Original request 11.q
emu-system-x86_64emu-system-x86_64:qqemu-system-x86_64 emu-system-x86_64::F:  ailed to read msg header. Read  vF0Fhost VQ ailed to read msg header. Read  instead of ailed to read msg header. Read 00-1 ring restore failed:  instead of 12-1 .12instead of  Original request :.11  Original request 21I1..nput/output error1 Original request 
 q.1(emu-system-x86_64
51:.q) emu-system-x86_64

v:host VQ  1q ring restore failed: v-host VQ emu-system-x86_6411: ring restore failed: : -I1 nvalid argument: qv (emu-system-x86_64Ihost VQ 2:nvalid argument0 2  ring restore failed: ()F-2
ailed to read msg header. Read 210) instead of :1
2 . Original request I11nput/output error.
 q(emu-system-x86_645: )v
host VQ 1emu-system-x86_64 ring restore failed: -11::   FIinstead of ailed to read msg header. Read nvalid argument1- 21(. 2 Original request instead of 21)1
21. Original request .1
1q.qemu-system-x86_64
emu-system-x86_64:: q Femu-system-x86_64vailed to read msg header. Read :host VQ 1 012v instead of  ring restore failed: .host VQ 1- Original request 0211 ring restore failed: .:1 - Original request  .1instead of 1I
:11nput/output error2 q. I.emu-system-x86_64
(nput/output errorq Original request :5 emu-system-x86_64(1 ):51v
 )host VQ .v
0host VQ 
 ring restore failed: 1- ring restore failed: 1q-emu-system-x86_64:1 :Input/output error  v(host VQ 51) ring restore failed: 
-1: Input/output error (5)
qemu-system-x86_64I: Failed to read msg header. Read 0 instead of 12. Original request 11.
qemu-system-x86_64: vhost VQ 1 ring restore failed: -1: Invalid argument (22)
: Invalid argument (22)
nterrupted system call (4)
qemu-system-x86_64: Fqailed to read msg header. Read emu-system-x86_640 instead of :1 2F.ailed to set msg fds. Original request 
11.q
emu-system-x86_64q:emu-system-x86_64 :v host VQ v1host VQ  ring restore failed: 1- ring restore failed: 1-:1 :I nterrupted system callI nvalid argument( 4()2
2)
Starting DPDK 17.11.2 initialization...
[ DPDK EAL parameters: qemu -c 0x4 -m 2048 -w 0000:00:04.0 --file-prefix=spdk1 --base-virtaddr=0x7ffe00000000 --proc-type=auto ]
EAL: Detected 32 lcore(s)
EAL: Auto-detected process type: SECONDARY
EAL: Probing VFIO support...
EAL: VFIO support initialized
EAL: WARNING: Address Space Layout Randomization (ASLR) is enabled in the kernel.
EAL:    This may cause issues with mapping memory into secondary processes
qemu-system-x86_64: -chardev socket,id=char1,path=/tmp/sock0,server: info: QEMU waiting for connection on: disconnected:unix:/tmp/sock0,server
mem[2] registered!
dev->virtio_vq[0]->size=256
process id =877
msg->payload.addr.index=0
msg->payload.ppid=877
kickfd=30
callfd=28
dev->virtio_vq[1]->size=256
process id =877
msg->payload.addr.index=1
msg->payload.ppid=877
kickfd=31
callfd=29
copy thread 883 running
qemu-system-x86_64: terminating on signal 15 from pid 887 (<unknown process>)
Starting DPDK 17.11.2 initialization...
[ DPDK EAL parameters: qemu -c 0x4 -m 2048 -w 0000:00:04.0 --file-prefix=spdk1 --base-virtaddr=0x7ffe00000000 --proc-type=auto ]
EAL: Detected 32 lcore(s)
EAL: Auto-detected process type: SECONDARY
Starting DPDK 17.11.2 initialization...
[ DPDK EAL parameters: qemu -c 0x4 -m 2048 -w 0000:00:04.0 --file-prefix=spdk1 --base-virtaddr=0x7ffe00000000 --proc-type=auto ]
EAL: Detected 32 lcore(s)
EAL: Auto-detected process type: SECONDARY
EAL: Probing VFIO support...
EAL: VFIO support initialized
EAL: WARNING: Address Space Layout Randomization (ASLR) is enabled in the kernel.
EAL:    This may cause issues with mapping memory into secondary processes
EAL: Probing VFIO support...
EAL: VFIO support initialized
EAL: WARNING: Address Space Layout Randomization (ASLR) is enabled in the kernel.
EAL:    This may cause issues with mapping memory into secondary processes
qemu-system-x86_64: -chardev socket,id=char2,path=/tmp/sock1,server: info: QEMU waiting for connection on: disconnected:unix:/tmp/sock1,server
qemu-system-x86_64: -chardev socket,id=char1,path=/tmp/sock0,server: info: QEMU waiting for connection on: disconnected:unix:/tmp/sock0,server
mem[2] registered!
dev->virtio_vq[0]->size=256
process id =916
msg->payload.addr.index=0
msg->payload.ppid=916
kickfd=30
callfd=28
dev->virtio_vq[1]->size=256
process id =916
msg->payload.addr.index=1
msg->payload.ppid=916
kickfd=31
callfd=29
copy thread 929 running
mem[2] registered!
dev->virtio_vq[0]->size=256
process id =919
msg->payload.addr.index=0
msg->payload.ppid=919
kickfd=30
callfd=28
dev->virtio_vq[1]->size=256
process id =919
msg->payload.addr.index=1
msg->payload.ppid=919
kickfd=31
callfd=29
copy thread 930 running
qemu-system-x86_64: terminating on signal 15q emu-system-x86_64from pid 9:33  t(erminating on signal )1
5 from pid 933 ()
Starting DPDK 17.11.2 initialization...
[ DPDK EAL parameters: qemu -c 0x4 -m 2048 -w 0000:00:04.0 --file-prefix=spdk1 --base-virtaddr=0x7ffe00000000 --proc-type=auto ]
EAL: Detected 32 lcore(s)
EAL: Auto-detected process type: SECONDARY
Starting DPDK 17.11.2 initialization...
[ DPDK EAL parameters: qemu -c 0x4 -m 2048 -w 0000:00:04.0 --file-prefix=spdk1 --base-virtaddr=0x7ffe00000000 --proc-type=auto ]
EAL: Detected 32 lcore(s)
EAL: Auto-detected process type: SECONDARY
Starting DPDK 17.11.2 initialization...
[ DPDK EAL parameters: qemu -c 0x4 -m 2048 -w 0000:00:04.0 --file-prefix=spdk1 --base-virtaddr=0x7ffe00000000 --proc-type=auto ]
EAL: Detected 32 lcore(s)
EAL: Auto-detected process type: SECONDARY
Starting DPDK 17.11.2 initialization...
[ DPDK EAL parameters: qemu -c 0x4 -m 2048 -w 0000:00:04.0 --file-prefix=spdk1 --base-virtaddr=0x7ffe00000000 --proc-type=auto ]
EAL: Detected 32 lcore(s)
EAL: Auto-detected process type: SECONDARY
EAL: Probing VFIO support...
EAL: VFIO support initialized
EAL: WARNING: Address Space Layout Randomization (ASLR) is enabled in the kernel.
EAL:    This may cause issues with mapping memory into secondary processes
EAL: Probing VFIO support...
EAL: VFIO support initialized
EAL: WARNING: Address Space Layout Randomization (ASLR) is enabled in the kernel.
EAL:    This may cause issues with mapping memory into secondary processes
EAL: Probing VFIO support...
EAL: VFIO support initialized
EAL: WARNING: Address Space Layout Randomization (ASLR) is enabled in the kernel.
EAL:    This may cause issues with mapping memory into secondary processes
EAL: Probing VFIO support...
EAL: VFIO support initialized
EAL: WARNING: Address Space Layout Randomization (ASLR) is enabled in the kernel.
EAL:    This may cause issues with mapping memory into secondary processes
qemu-system-x86_64: -chardev socket,id=char2,path=/tmp/sock1,server: info: QEMU waiting for connection on: disconnected:unix:/tmp/sock1,server
qemu-system-x86_64: -chardev socket,id=char4,path=/tmp/sock3,server: info: QEMU waiting for connection on: disconnected:unix:/tmp/sock3,server
qemu-system-x86_64: -chardev socket,id=char3,path=/tmp/sock2,server: info: QEMU waiting for connection on: disconnected:unix:/tmp/sock2,server
qemu-system-x86_64: -chardev socket,id=char1,path=/tmp/sock0,server: info: QEMU waiting for connection on: disconnected:unix:/tmp/sock0,server
mem[2] registered!
dev->virtio_vq[0]->size=256
process id =992
msg->payload.addr.index=0
msg->payload.ppid=992
kickfd=30
callfd=28
dev->virtio_vq[1]->size=256
process id =992
msg->payload.addr.index=1
msg->payload.ppid=992
kickfd=31
callfd=29
copy thread 1004 running
mem[2] registered!
dev->virtio_vq[0]->size=256
process id =982
msg->payload.addr.index=0
msg->payload.ppid=982
kickfd=30
callfd=28
dev->virtio_vq[1]->size=256
process id =982
msg->payload.addr.index=1
msg->payload.ppid=982
kickfd=31
callfd=29
copy thread 1005 running
mem[2] registered!
dev->virtio_vq[0]->size=256
process id =986
msg->payload.addr.index=0
msg->payload.ppid=986
kickfd=30
callfd=28
dev->virtio_vq[1]->size=256
process id =986
msg->payload.addr.index=1
msg->payload.ppid=986
kickfd=31
callfd=29
copy thread 1011 running
mem[2] registered!
dev->virtio_vq[0]->size=256
process id =983
msg->payload.addr.index=0
msg->payload.ppid=983
kickfd=30
callfd=28
dev->virtio_vq[1]->size=256
process id =983
msg->payload.addr.index=1
msg->payload.ppid=983
kickfd=31
callfd=29
copy thread 1013 running
qqemu-system-x86_64emu-system-x86_64: :t erminating on signal t1erminating on signal 51 5from pid  1from pid 0181 018( )(
)
qemu-system-x86_64q:emu-system-x86_64 :t erminating on signal t1erminating on signal 51 5from pid  1from pid 0181 018( <(unknown process><)unknown process>
)
